2025-02-08 12:13:47 - --------------------------------------------------
-- A számítás megkezdődött az alábbi tanulónak:
-- Oktatási azonosító: 11111111111
-- OM kód: 111111
--------------------------------------------------

2025-02-08 12:13:47 - Alappontok számítása befejeződött. Eredmény: 370 pont.
2025-02-08 12:13:47 - --------------------------------------------------
-- A számítás megkezdődött az alábbi tanulónak:
-- Oktatási azonosító: 22222222222
-- OM kód: 222222
--------------------------------------------------

2025-02-08 12:13:47 - Alappontok számítása befejeződött. Eredmény: 376 pont.
2025-02-08 12:13:47 - --------------------------------------------------
-- A számítás megkezdődött az alábbi tanulónak:
-- Oktatási azonosító: 33333333333
-- OM kód: 333333
--------------------------------------------------

2025-02-08 12:13:47 - --------------------------------------------------
-- A számítás megkezdődött az alábbi tanulónak:
-- Oktatási azonosító: 44444444444
-- OM kód: 444444
--------------------------------------------------

2025-02-08 12:13:47 - --------------------------------------------------
-- A számítás megkezdődött az alábbi tanulónak:
-- Oktatási azonosító: 55555555555
-- OM kód: 555555
--------------------------------------------------

2025-02-08 12:13:47 - Alappontok számítása befejeződött. Eredmény: 80 pont.
2025-02-08 12:17:03 - --------------------------------------------------
-- A számítás megkezdődött az alábbi tanulónak:
-- Oktatási azonosító: 11111111111
-- OM kód: 111111
--------------------------------------------------

2025-02-08 12:17:03 - --------------------------------------------------
-- A számítás megkezdődött az alábbi tanulónak:
-- Oktatási azonosító: 22222222222
-- OM kód: 222222
--------------------------------------------------

2025-02-08 12:17:03 - --------------------------------------------------
-- A számítás megkezdődött az alábbi tanulónak:
-- Oktatási azonosító: 33333333333
-- OM kód: 333333
--------------------------------------------------

2025-02-08 12:17:03 - --------------------------------------------------
-- A számítás megkezdődött az alábbi tanulónak:
-- Oktatási azonosító: 44444444444
-- OM kód: 444444
--------------------------------------------------

2025-02-08 12:17:03 - --------------------------------------------------
-- A számítás megkezdődött az alábbi tanulónak:
-- Oktatási azonosító: 55555555555
-- OM kód: 555555
--------------------------------------------------

2025-02-08 12:25:21 - --------------------------------------------------
-- A számítás megkezdődött az alábbi tanulónak:
-- Oktatási azonosító: 11111111111
-- OM kód: 111111
--------------------------------------------------

2025-02-08 12:25:21 - --------------------------------------------------
-- A számítás megkezdődött az alábbi tanulónak:
-- Oktatási azonosító: 22222222222
-- OM kód: 222222
--------------------------------------------------

2025-02-08 12:25:21 - --------------------------------------------------
-- A számítás megkezdődött az alábbi tanulónak:
-- Oktatási azonosító: 33333333333
-- OM kód: 333333
--------------------------------------------------

2025-02-08 12:25:21 - --------------------------------------------------
-- A számítás megkezdődött az alábbi tanulónak:
-- Oktatási azonosító: 44444444444
-- OM kód: 444444
--------------------------------------------------

2025-02-08 12:25:21 - --------------------------------------------------
-- A számítás megkezdődött az alábbi tanulónak:
-- Oktatási azonosító: 55555555555
-- OM kód: 555555
--------------------------------------------------

2025-02-08 12:27:31 - --------------------------------------------------
-- A számítás megkezdődött az alábbi tanulónak:
-- Oktatási azonosító: 11111111111
-- OM kód: 111111
--------------------------------------------------

2025-02-08 12:27:31 - --------------------------------------------------
-- A számítás megkezdődött az alábbi tanulónak:
-- Oktatási azonosító: 22222222222
-- OM kód: 222222
--------------------------------------------------

2025-02-08 12:27:31 - --------------------------------------------------
-- A számítás megkezdődött az alábbi tanulónak:
-- Oktatási azonosító: 33333333333
-- OM kód: 333333
--------------------------------------------------

2025-02-08 12:27:31 - --------------------------------------------------
-- A számítás megkezdődött az alábbi tanulónak:
-- Oktatási azonosító: 44444444444
-- OM kód: 444444
--------------------------------------------------

2025-02-08 12:27:31 - --------------------------------------------------
-- A számítás megkezdődött az alábbi tanulónak:
-- Oktatási azonosító: 55555555555
-- OM kód: 555555
--------------------------------------------------

2025-02-08 12:28:33 - --------------------------------------------------
-- A számítás megkezdődött az alábbi tanulónak:
-- Oktatási azonosító: 11111111111
-- OM kód: 111111
--------------------------------------------------

2025-02-08 12:28:33 - --------------------------------------------------
-- A számítás megkezdődött az alábbi tanulónak:
-- Oktatási azonosító: 22222222222
-- OM kód: 222222
--------------------------------------------------

2025-02-08 12:28:33 - --------------------------------------------------
-- A számítás megkezdődött az alábbi tanulónak:
-- Oktatási azonosító: 33333333333
-- OM kód: 333333
--------------------------------------------------

2025-02-08 12:28:33 - --------------------------------------------------
-- A számítás megkezdődött az alábbi tanulónak:
-- Oktatási azonosító: 44444444444
-- OM kód: 444444
--------------------------------------------------

2025-02-08 12:28:33 - --------------------------------------------------
-- A számítás megkezdődött az alábbi tanulónak:
-- Oktatási azonosító: 55555555555
-- OM kód: 555555
--------------------------------------------------

2025-02-08 12:50:33 - --------------------------------------------------
-- A számítás megkezdődött az alábbi tanulónak:
-- Oktatási azonosító: 11111111111
-- OM kód: 111111
--------------------------------------------------

2025-02-08 12:50:33 - --------------------------------------------------
-- A számítás megkezdődött az alábbi tanulónak:
-- Oktatási azonosító: 22222222222
-- OM kód: 222222
--------------------------------------------------

2025-02-08 12:50:33 - --------------------------------------------------
-- A számítás megkezdődött az alábbi tanulónak:
-- Oktatási azonosító: 33333333333
-- OM kód: 333333
--------------------------------------------------

2025-02-08 12:50:33 - --------------------------------------------------
-- A számítás megkezdődött az alábbi tanulónak:
-- Oktatási azonosító: 44444444444
-- OM kód: 444444
--------------------------------------------------

2025-02-08 12:50:33 - --------------------------------------------------
-- A számítás megkezdődött az alábbi tanulónak:
-- Oktatási azonosító: 55555555555
-- OM kód: 555555
--------------------------------------------------

2025-02-08 17:05:13 - --------------------------------------------------
-- A számítás megkezdődött az alábbi tanulónak:
-- Oktatási azonosító: 11111111111
-- OM kód: 111111
--------------------------------------------------

2025-02-08 17:05:13 - --------------------------------------------------
-- A számítás megkezdődött az alábbi tanulónak:
-- Oktatási azonosító: 22222222222
-- OM kód: 222222
--------------------------------------------------

2025-02-08 17:05:13 - --------------------------------------------------
-- A számítás megkezdődött az alábbi tanulónak:
-- Oktatási azonosító: 33333333333
-- OM kód: 333333
--------------------------------------------------

2025-02-08 17:05:13 - --------------------------------------------------
-- A számítás megkezdődött az alábbi tanulónak:
-- Oktatási azonosító: 44444444444
-- OM kód: 444444
--------------------------------------------------

2025-02-08 17:05:13 - --------------------------------------------------
-- A számítás megkezdődött az alábbi tanulónak:
-- Oktatási azonosító: 55555555555
-- OM kód: 555555
--------------------------------------------------

2025-02-08 17:17:25 - Teszt üzenet
2025-02-08 17:19:08 - Teszt üzenet
2025-02-08 17:20:35 - Teszt üzenet
2025-02-08 17:22:12 - Teszt üzenet
