2025-02-10 19:51:31 - --------------------------------------------------
-- A számítás megkezdődött az alábbi tanulónak:
-- Oktatási azonosító: 1234567891
-- OM kód: 123451
--------------------------------------------------

2025-02-10 19:52:15 - --------------------------------------------------
-- A számítás megkezdődött az alábbi tanulónak:
-- Oktatási azonosító: 1234567891
-- OM kód: 123451
--------------------------------------------------

2025-02-10 19:54:11 - --------------------------------------------------
-- A számítás megkezdődött az alábbi tanulónak:
-- Oktatási azonosító: 1234567891
-- OM kód: 123451
--------------------------------------------------

2025-02-10 19:54:38 - --------------------------------------------------
-- A számítás megkezdődött az alábbi tanulónak:
-- Oktatási azonosító: 1234567891
-- OM kód: 123451
--------------------------------------------------

2025-02-10 21:14:57 - --------------------------------------------------
-- A számítás megkezdődött az alábbi tanulónak:
-- Oktatási azonosító: 1234567891
-- OM kód: 123451
--------------------------------------------------

2025-02-10 21:16:31 - --------------------------------------------------
-- A számítás megkezdődött az alábbi tanulónak:
-- Oktatási azonosító: 1234567891
-- OM kód: 123451
--------------------------------------------------

