2025-02-08 17:27:28 - --------------------------------------------------
-- A számítás megkezdődött az alábbi tanulónak:
-- Oktatási azonosító: 123456789
-- OM kód: 987654
--------------------------------------------------

2025-02-08 17:33:08 - --------------------------------------------------
-- A számítás megkezdődött az alábbi tanulónak:
-- Oktatási azonosító: 123456789
-- OM kód: 987654
--------------------------------------------------

2025-02-08 17:35:27 - --------------------------------------------------
-- A számítás megkezdődött az alábbi tanulónak:
-- Oktatási azonosító: 123456789
-- OM kód: 987654
--------------------------------------------------

2025-02-08 17:36:16 - --------------------------------------------------
-- A számítás megkezdődött az alábbi tanulónak:
-- Oktatási azonosító: 123456789
-- OM kód: 987654
--------------------------------------------------

2025-02-08 17:38:53 - --------------------------------------------------
-- A számítás megkezdődött az alábbi tanulónak:
-- Oktatási azonosító: 123456789
-- OM kód: 987654
--------------------------------------------------

2025-02-08 17:39:01 - --------------------------------------------------
-- A számítás megkezdődött az alábbi tanulónak:
-- Oktatási azonosító: 11111111111
-- OM kód: 111111
--------------------------------------------------

2025-02-08 17:39:01 - --------------------------------------------------
-- A számítás megkezdődött az alábbi tanulónak:
-- Oktatási azonosító: 22222222222
-- OM kód: 222222
--------------------------------------------------

2025-02-08 17:39:01 - --------------------------------------------------
-- A számítás megkezdődött az alábbi tanulónak:
-- Oktatási azonosító: 33333333333
-- OM kód: 333333
--------------------------------------------------

2025-02-08 17:39:01 - --------------------------------------------------
-- A számítás megkezdődött az alábbi tanulónak:
-- Oktatási azonosító: 44444444444
-- OM kód: 444444
--------------------------------------------------

2025-02-08 17:39:01 - --------------------------------------------------
-- A számítás megkezdődött az alábbi tanulónak:
-- Oktatási azonosító: 55555555555
-- OM kód: 555555
--------------------------------------------------

2025-02-08 17:39:43 - --------------------------------------------------
-- A számítás megkezdődött az alábbi tanulónak:
-- Oktatási azonosító: 11111111111
-- OM kód: 111111
--------------------------------------------------

2025-02-08 17:39:43 - --------------------------------------------------
-- A számítás megkezdődött az alábbi tanulónak:
-- Oktatási azonosító: 22222222222
-- OM kód: 222222
--------------------------------------------------

2025-02-08 17:39:43 - --------------------------------------------------
-- A számítás megkezdődött az alábbi tanulónak:
-- Oktatási azonosító: 33333333333
-- OM kód: 333333
--------------------------------------------------

2025-02-08 17:39:43 - --------------------------------------------------
-- A számítás megkezdődött az alábbi tanulónak:
-- Oktatási azonosító: 44444444444
-- OM kód: 444444
--------------------------------------------------

2025-02-08 17:39:43 - --------------------------------------------------
-- A számítás megkezdődött az alábbi tanulónak:
-- Oktatási azonosító: 55555555555
-- OM kód: 555555
--------------------------------------------------

2025-02-08 18:19:08 - --------------------------------------------------
-- A számítás megkezdődött az alábbi tanulónak:
-- Oktatási azonosító: 11111111111
-- OM kód: 111111
--------------------------------------------------

2025-02-08 18:19:08 - --------------------------------------------------
-- A számítás megkezdődött az alábbi tanulónak:
-- Oktatási azonosító: 22222222222
-- OM kód: 222222
--------------------------------------------------

2025-02-08 18:19:08 - --------------------------------------------------
-- A számítás megkezdődött az alábbi tanulónak:
-- Oktatási azonosító: 33333333333
-- OM kód: 333333
--------------------------------------------------

2025-02-08 18:19:08 - --------------------------------------------------
-- A számítás megkezdődött az alábbi tanulónak:
-- Oktatási azonosító: 44444444444
-- OM kód: 444444
--------------------------------------------------

2025-02-08 18:19:08 - --------------------------------------------------
-- A számítás megkezdődött az alábbi tanulónak:
-- Oktatási azonosító: 55555555555
-- OM kód: 555555
--------------------------------------------------

